Feb 01 20:18:29  [info] $Fatal Error Details = Array
(
    [message] => You do not have permission to access this page.
    [code] => 
)


Feb 01 20:18:29  [info] $backTrace = #0 /home/portland/www/www/wp-content/plugins/civicrm/civicrm/CRM/Core/Error.php(381): CRM_Core_Error::backtrace("backTrace", TRUE)
#1 /home/portland/www/www/wp-content/plugins/civicrm/civicrm/CRM/Utils/System/WordPress.php(398): CRM_Core_Error::fatal("You do not have permission to access this page.")
#2 /home/portland/www/www/wp-content/plugins/civicrm/civicrm/CRM/Utils/System.php(74): CRM_Utils_System_WordPress->permissionDenied()
#3 /home/portland/www/www/wp-content/plugins/civicrm/civicrm/CRM/Core/Invoke.php(229): CRM_Utils_System::__callStatic("permissionDenied", (Array:0))
#4 /home/portland/www/www/wp-content/plugins/civicrm/civicrm/CRM/Core/Invoke.php(84): CRM_Core_Invoke::runItem((Array:13))
#5 /home/portland/www/www/wp-content/plugins/civicrm/civicrm/CRM/Core/Invoke.php(52): CRM_Core_Invoke::_invoke((Array:3))
#6 /home/portland/www/www/wp-content/plugins/civicrm/civicrm.php(1240): CRM_Core_Invoke::invoke((Array:3))
#7 /home/portland/www/www/wp-content/plugins/civicrm/includes/civicrm.basepage.php(365): CiviCRM_For_WordPress->invoke()
#8 /home/portland/www/www/wp-includes/class-wp-hook.php(286): CiviCRM_For_WordPress_Basepage->basepage_handler(Object(WP))
#9 /home/portland/www/www/wp-includes/class-wp-hook.php(310): WP_Hook->apply_filters("", (Array:1))
#10 /home/portland/www/www/wp-includes/plugin.php(515): WP_Hook->do_action((Array:1))
#11 /home/portland/www/www/wp-includes/class-wp.php(728): do_action_ref_array("wp", (Array:1))
#12 /home/portland/www/www/wp-includes/functions.php(964): WP->main("")
#13 /home/portland/www/www/wp-blog-header.php(16): wp()
#14 /home/portland/www/www/index.php(17): require("/home/portland/www/www/wp-blog-header.php")
#15 {main}


Feb 01 20:20:07  [info] $Fatal Error Details = Array
(
    [message] => You do not have permission to access this page.
    [code] => 
)


Feb 01 20:20:07  [info] $backTrace = #0 /home/portland/www/www/wp-content/plugins/civicrm/civicrm/CRM/Core/Error.php(381): CRM_Core_Error::backtrace("backTrace", TRUE)
#1 /home/portland/www/www/wp-content/plugins/civicrm/civicrm/CRM/Utils/System/WordPress.php(398): CRM_Core_Error::fatal("You do not have permission to access this page.")
#2 /home/portland/www/www/wp-content/plugins/civicrm/civicrm/CRM/Utils/System.php(74): CRM_Utils_System_WordPress->permissionDenied()
#3 /home/portland/www/www/wp-content/plugins/civicrm/civicrm/CRM/Core/Invoke.php(229): CRM_Utils_System::__callStatic("permissionDenied", (Array:0))
#4 /home/portland/www/www/wp-content/plugins/civicrm/civicrm/CRM/Core/Invoke.php(84): CRM_Core_Invoke::runItem((Array:13))
#5 /home/portland/www/www/wp-content/plugins/civicrm/civicrm/CRM/Core/Invoke.php(52): CRM_Core_Invoke::_invoke((Array:3))
#6 /home/portland/www/www/wp-content/plugins/civicrm/civicrm.php(1240): CRM_Core_Invoke::invoke((Array:3))
#7 /home/portland/www/www/wp-content/plugins/civicrm/includes/civicrm.basepage.php(365): CiviCRM_For_WordPress->invoke()
#8 /home/portland/www/www/wp-includes/class-wp-hook.php(286): CiviCRM_For_WordPress_Basepage->basepage_handler(Object(WP))
#9 /home/portland/www/www/wp-includes/class-wp-hook.php(310): WP_Hook->apply_filters("", (Array:1))
#10 /home/portland/www/www/wp-includes/plugin.php(515): WP_Hook->do_action((Array:1))
#11 /home/portland/www/www/wp-includes/class-wp.php(728): do_action_ref_array("wp", (Array:1))
#12 /home/portland/www/www/wp-includes/functions.php(964): WP->main("")
#13 /home/portland/www/www/wp-blog-header.php(16): wp()
#14 /home/portland/www/www/index.php(17): require("/home/portland/www/www/wp-blog-header.php")
#15 {main}


Feb 01 20:20:09  [info] $Fatal Error Details = Array
(
    [message] => You do not have permission to access this page.
    [code] => 
)


Feb 01 20:20:09  [info] $backTrace = #0 /home/portland/www/www/wp-content/plugins/civicrm/civicrm/CRM/Core/Error.php(381): CRM_Core_Error::backtrace("backTrace", TRUE)
#1 /home/portland/www/www/wp-content/plugins/civicrm/civicrm/CRM/Utils/System/WordPress.php(398): CRM_Core_Error::fatal("You do not have permission to access this page.")
#2 /home/portland/www/www/wp-content/plugins/civicrm/civicrm/CRM/Utils/System.php(74): CRM_Utils_System_WordPress->permissionDenied()
#3 /home/portland/www/www/wp-content/plugins/civicrm/civicrm/CRM/Core/Invoke.php(229): CRM_Utils_System::__callStatic("permissionDenied", (Array:0))
#4 /home/portland/www/www/wp-content/plugins/civicrm/civicrm/CRM/Core/Invoke.php(84): CRM_Core_Invoke::runItem((Array:13))
#5 /home/portland/www/www/wp-content/plugins/civicrm/civicrm/CRM/Core/Invoke.php(52): CRM_Core_Invoke::_invoke((Array:3))
#6 /home/portland/www/www/wp-content/plugins/civicrm/civicrm.php(1240): CRM_Core_Invoke::invoke((Array:3))
#7 /home/portland/www/www/wp-content/plugins/civicrm/includes/civicrm.basepage.php(365): CiviCRM_For_WordPress->invoke()
#8 /home/portland/www/www/wp-includes/class-wp-hook.php(286): CiviCRM_For_WordPress_Basepage->basepage_handler(Object(WP))
#9 /home/portland/www/www/wp-includes/class-wp-hook.php(310): WP_Hook->apply_filters("", (Array:1))
#10 /home/portland/www/www/wp-includes/plugin.php(515): WP_Hook->do_action((Array:1))
#11 /home/portland/www/www/wp-includes/class-wp.php(728): do_action_ref_array("wp", (Array:1))
#12 /home/portland/www/www/wp-includes/functions.php(964): WP->main("")
#13 /home/portland/www/www/wp-blog-header.php(16): wp()
#14 /home/portland/www/www/index.php(17): require("/home/portland/www/www/wp-blog-header.php")
#15 {main}


Feb 01 20:20:11  [info] $Fatal Error Details = Array
(
    [message] => You do not have permission to access this page.
    [code] => 
)


Feb 01 20:20:11  [info] $backTrace = #0 /home/portland/www/www/wp-content/plugins/civicrm/civicrm/CRM/Core/Error.php(381): CRM_Core_Error::backtrace("backTrace", TRUE)
#1 /home/portland/www/www/wp-content/plugins/civicrm/civicrm/CRM/Utils/System/WordPress.php(398): CRM_Core_Error::fatal("You do not have permission to access this page.")
#2 /home/portland/www/www/wp-content/plugins/civicrm/civicrm/CRM/Utils/System.php(74): CRM_Utils_System_WordPress->permissionDenied()
#3 /home/portland/www/www/wp-content/plugins/civicrm/civicrm/CRM/Core/Invoke.php(229): CRM_Utils_System::__callStatic("permissionDenied", (Array:0))
#4 /home/portland/www/www/wp-content/plugins/civicrm/civicrm/CRM/Core/Invoke.php(84): CRM_Core_Invoke::runItem((Array:13))
#5 /home/portland/www/www/wp-content/plugins/civicrm/civicrm/CRM/Core/Invoke.php(52): CRM_Core_Invoke::_invoke((Array:3))
#6 /home/portland/www/www/wp-content/plugins/civicrm/civicrm.php(1240): CRM_Core_Invoke::invoke((Array:3))
#7 /home/portland/www/www/wp-content/plugins/civicrm/includes/civicrm.basepage.php(365): CiviCRM_For_WordPress->invoke()
#8 /home/portland/www/www/wp-includes/class-wp-hook.php(286): CiviCRM_For_WordPress_Basepage->basepage_handler(Object(WP))
#9 /home/portland/www/www/wp-includes/class-wp-hook.php(310): WP_Hook->apply_filters("", (Array:1))
#10 /home/portland/www/www/wp-includes/plugin.php(515): WP_Hook->do_action((Array:1))
#11 /home/portland/www/www/wp-includes/class-wp.php(728): do_action_ref_array("wp", (Array:1))
#12 /home/portland/www/www/wp-includes/functions.php(964): WP->main("")
#13 /home/portland/www/www/wp-blog-header.php(16): wp()
#14 /home/portland/www/www/index.php(17): require("/home/portland/www/www/wp-blog-header.php")
#15 {main}


Feb 01 20:22:03  [info] $Fatal Error Details = Array
(
    [message] => You do not have permission to access this page.
    [code] => 
)


Feb 01 20:22:03  [info] $backTrace = #0 /home/portland/www/www/wp-content/plugins/civicrm/civicrm/CRM/Core/Error.php(381): CRM_Core_Error::backtrace("backTrace", TRUE)
#1 /home/portland/www/www/wp-content/plugins/civicrm/civicrm/CRM/Utils/System/WordPress.php(398): CRM_Core_Error::fatal("You do not have permission to access this page.")
#2 /home/portland/www/www/wp-content/plugins/civicrm/civicrm/CRM/Utils/System.php(74): CRM_Utils_System_WordPress->permissionDenied()
#3 /home/portland/www/www/wp-content/plugins/civicrm/civicrm/CRM/Core/Invoke.php(229): CRM_Utils_System::__callStatic("permissionDenied", (Array:0))
#4 /home/portland/www/www/wp-content/plugins/civicrm/civicrm/CRM/Core/Invoke.php(84): CRM_Core_Invoke::runItem((Array:13))
#5 /home/portland/www/www/wp-content/plugins/civicrm/civicrm/CRM/Core/Invoke.php(52): CRM_Core_Invoke::_invoke((Array:3))
#6 /home/portland/www/www/wp-content/plugins/civicrm/civicrm.php(1240): CRM_Core_Invoke::invoke((Array:3))
#7 /home/portland/www/www/wp-content/plugins/civicrm/includes/civicrm.basepage.php(365): CiviCRM_For_WordPress->invoke()
#8 /home/portland/www/www/wp-includes/class-wp-hook.php(286): CiviCRM_For_WordPress_Basepage->basepage_handler(Object(WP))
#9 /home/portland/www/www/wp-includes/class-wp-hook.php(310): WP_Hook->apply_filters("", (Array:1))
#10 /home/portland/www/www/wp-includes/plugin.php(515): WP_Hook->do_action((Array:1))
#11 /home/portland/www/www/wp-includes/class-wp.php(728): do_action_ref_array("wp", (Array:1))
#12 /home/portland/www/www/wp-includes/functions.php(964): WP->main("")
#13 /home/portland/www/www/wp-blog-header.php(16): wp()
#14 /home/portland/www/www/index.php(17): require("/home/portland/www/www/wp-blog-header.php")
#15 {main}


Feb 01 20:34:08  [info] $Fatal Error Details = Array
(
    [message] => You do not have permission to access this page.
    [code] => 
)


Feb 01 20:34:09  [info] $backTrace = #0 /home/portland/www/www/wp-content/plugins/civicrm/civicrm/CRM/Core/Error.php(381): CRM_Core_Error::backtrace("backTrace", TRUE)
#1 /home/portland/www/www/wp-content/plugins/civicrm/civicrm/CRM/Utils/System/WordPress.php(398): CRM_Core_Error::fatal("You do not have permission to access this page.")
#2 /home/portland/www/www/wp-content/plugins/civicrm/civicrm/CRM/Utils/System.php(74): CRM_Utils_System_WordPress->permissionDenied()
#3 /home/portland/www/www/wp-content/plugins/civicrm/civicrm/CRM/Core/Invoke.php(229): CRM_Utils_System::__callStatic("permissionDenied", (Array:0))
#4 /home/portland/www/www/wp-content/plugins/civicrm/civicrm/CRM/Core/Invoke.php(84): CRM_Core_Invoke::runItem((Array:13))
#5 /home/portland/www/www/wp-content/plugins/civicrm/civicrm/CRM/Core/Invoke.php(52): CRM_Core_Invoke::_invoke((Array:3))
#6 /home/portland/www/www/wp-content/plugins/civicrm/civicrm.php(1240): CRM_Core_Invoke::invoke((Array:3))
#7 /home/portland/www/www/wp-content/plugins/civicrm/includes/civicrm.basepage.php(365): CiviCRM_For_WordPress->invoke()
#8 /home/portland/www/www/wp-includes/class-wp-hook.php(286): CiviCRM_For_WordPress_Basepage->basepage_handler(Object(WP))
#9 /home/portland/www/www/wp-includes/class-wp-hook.php(310): WP_Hook->apply_filters("", (Array:1))
#10 /home/portland/www/www/wp-includes/plugin.php(515): WP_Hook->do_action((Array:1))
#11 /home/portland/www/www/wp-includes/class-wp.php(728): do_action_ref_array("wp", (Array:1))
#12 /home/portland/www/www/wp-includes/functions.php(964): WP->main("")
#13 /home/portland/www/www/wp-blog-header.php(16): wp()
#14 /home/portland/www/www/index.php(17): require("/home/portland/www/www/wp-blog-header.php")
#15 {main}


Feb 01 21:11:18  [info] $Fatal Error Details = Array
(
    [message] => You do not have permission to access this page.
    [code] => 
)


Feb 01 21:11:18  [info] $backTrace = #0 /home/portland/www/www/wp-content/plugins/civicrm/civicrm/CRM/Core/Error.php(381): CRM_Core_Error::backtrace("backTrace", TRUE)
#1 /home/portland/www/www/wp-content/plugins/civicrm/civicrm/CRM/Utils/System/WordPress.php(398): CRM_Core_Error::fatal("You do not have permission to access this page.")
#2 /home/portland/www/www/wp-content/plugins/civicrm/civicrm/CRM/Utils/System.php(74): CRM_Utils_System_WordPress->permissionDenied()
#3 /home/portland/www/www/wp-content/plugins/civicrm/civicrm/CRM/Core/Invoke.php(229): CRM_Utils_System::__callStatic("permissionDenied", (Array:0))
#4 /home/portland/www/www/wp-content/plugins/civicrm/civicrm/CRM/Core/Invoke.php(84): CRM_Core_Invoke::runItem((Array:13))
#5 /home/portland/www/www/wp-content/plugins/civicrm/civicrm/CRM/Core/Invoke.php(52): CRM_Core_Invoke::_invoke((Array:3))
#6 /home/portland/www/www/wp-content/plugins/civicrm/civicrm.php(1240): CRM_Core_Invoke::invoke((Array:3))
#7 /home/portland/www/www/wp-content/plugins/civicrm/includes/civicrm.basepage.php(365): CiviCRM_For_WordPress->invoke()
#8 /home/portland/www/www/wp-includes/class-wp-hook.php(286): CiviCRM_For_WordPress_Basepage->basepage_handler(Object(WP))
#9 /home/portland/www/www/wp-includes/class-wp-hook.php(310): WP_Hook->apply_filters("", (Array:1))
#10 /home/portland/www/www/wp-includes/plugin.php(515): WP_Hook->do_action((Array:1))
#11 /home/portland/www/www/wp-includes/class-wp.php(728): do_action_ref_array("wp", (Array:1))
#12 /home/portland/www/www/wp-includes/functions.php(964): WP->main("")
#13 /home/portland/www/www/wp-blog-header.php(16): wp()
#14 /home/portland/www/www/index.php(17): require("/home/portland/www/www/wp-blog-header.php")
#15 {main}


Feb 01 23:11:44  [info] $Fatal Error Details = Array
(
    [message] => You do not have permission to access this page.
    [code] => 
)


Feb 01 23:11:44  [info] $backTrace = #0 /home/portland/www/www/wp-content/plugins/civicrm/civicrm/CRM/Core/Error.php(381): CRM_Core_Error::backtrace("backTrace", TRUE)
#1 /home/portland/www/www/wp-content/plugins/civicrm/civicrm/CRM/Utils/System/WordPress.php(398): CRM_Core_Error::fatal("You do not have permission to access this page.")
#2 /home/portland/www/www/wp-content/plugins/civicrm/civicrm/CRM/Utils/System.php(74): CRM_Utils_System_WordPress->permissionDenied()
#3 /home/portland/www/www/wp-content/plugins/civicrm/civicrm/CRM/Core/Invoke.php(229): CRM_Utils_System::__callStatic("permissionDenied", (Array:0))
#4 /home/portland/www/www/wp-content/plugins/civicrm/civicrm/CRM/Core/Invoke.php(84): CRM_Core_Invoke::runItem((Array:13))
#5 /home/portland/www/www/wp-content/plugins/civicrm/civicrm/CRM/Core/Invoke.php(52): CRM_Core_Invoke::_invoke((Array:3))
#6 /home/portland/www/www/wp-content/plugins/civicrm/civicrm.php(1240): CRM_Core_Invoke::invoke((Array:3))
#7 /home/portland/www/www/wp-content/plugins/civicrm/includes/civicrm.basepage.php(365): CiviCRM_For_WordPress->invoke()
#8 /home/portland/www/www/wp-includes/class-wp-hook.php(286): CiviCRM_For_WordPress_Basepage->basepage_handler(Object(WP))
#9 /home/portland/www/www/wp-includes/class-wp-hook.php(310): WP_Hook->apply_filters("", (Array:1))
#10 /home/portland/www/www/wp-includes/plugin.php(515): WP_Hook->do_action((Array:1))
#11 /home/portland/www/www/wp-includes/class-wp.php(728): do_action_ref_array("wp", (Array:1))
#12 /home/portland/www/www/wp-includes/functions.php(964): WP->main("")
#13 /home/portland/www/www/wp-blog-header.php(16): wp()
#14 /home/portland/www/www/index.php(17): require("/home/portland/www/www/wp-blog-header.php")
#15 {main}


Feb 04 17:49:15  [debug] Stripe_Error update_customer: Array
(
    [error] => Array
        (
            [code] => incorrect_cvc
            [doc_url] => https://stripe.com/docs/error-codes/incorrect-cvc
            [message] => Your card's security code is incorrect.
            [param] => cvc
            [type] => card_error
        )

)


Feb 04 17:49:15  [debug] Stripe Payment Error: Payment Response: <br />Type: card_error<br />Code: incorrect_cvc<br />Message: Your card's security code is incorrect.<br />

Feb 04 17:50:59  [debug] Stripe_Error update_customer: Array
(
    [error] => Array
        (
            [code] => card_declined
            [decline_code] => do_not_honor
            [doc_url] => https://stripe.com/docs/error-codes/card-declined
            [message] => Your card was declined.
            [param] => 
            [type] => card_error
        )

)


Feb 04 17:50:59  [debug] Stripe Payment Error: Payment Response: <br />Type: card_error<br />Code: card_declined<br />Message: Your card was declined.<br />

Feb 08 22:44:04  [info] $Fatal Error Details = Array
(
    [message] => You do not have permission to access this page.
    [code] => 
)


Feb 08 22:44:04  [info] $Fatal Error Details = Array
(
    [message] => You do not have permission to access this page.
    [code] => 
)


Feb 08 22:44:04  [info] $backTrace = #0 /home/portland/www/www/wp-content/plugins/civicrm/civicrm/CRM/Core/Error.php(381): CRM_Core_Error::backtrace("backTrace", TRUE)
#1 /home/portland/www/www/wp-content/plugins/civicrm/civicrm/CRM/Utils/System/WordPress.php(398): CRM_Core_Error::fatal("You do not have permission to access this page.")
#2 /home/portland/www/www/wp-content/plugins/civicrm/civicrm/CRM/Utils/System.php(74): CRM_Utils_System_WordPress->permissionDenied()
#3 /home/portland/www/www/wp-content/plugins/civicrm/civicrm/CRM/Core/Invoke.php(229): CRM_Utils_System::__callStatic("permissionDenied", (Array:0))
#4 /home/portland/www/www/wp-content/plugins/civicrm/civicrm/CRM/Core/Invoke.php(84): CRM_Core_Invoke::runItem((Array:13))
#5 /home/portland/www/www/wp-content/plugins/civicrm/civicrm/CRM/Core/Invoke.php(52): CRM_Core_Invoke::_invoke((Array:3))
#6 /home/portland/www/www/wp-content/plugins/civicrm/civicrm.php(1240): CRM_Core_Invoke::invoke((Array:3))
#7 /home/portland/www/www/wp-content/plugins/civicrm/includes/civicrm.basepage.php(365): CiviCRM_For_WordPress->invoke()
#8 /home/portland/www/www/wp-includes/class-wp-hook.php(286): CiviCRM_For_WordPress_Basepage->basepage_handler(Object(WP))
#9 /home/portland/www/www/wp-includes/class-wp-hook.php(310): WP_Hook->apply_filters("", (Array:1))
#10 /home/portland/www/www/wp-includes/plugin.php(515): WP_Hook->do_action((Array:1))
#11 /home/portland/www/www/wp-includes/class-wp.php(728): do_action_ref_array("wp", (Array:1))
#12 /home/portland/www/www/wp-includes/functions.php(964): WP->main("")
#13 /home/portland/www/www/wp-blog-header.php(16): wp()
#14 /home/portland/www/www/index.php(17): require("/home/portland/www/www/wp-blog-header.php")
#15 {main}


Feb 08 22:44:04  [info] $backTrace = #0 /home/portland/www/www/wp-content/plugins/civicrm/civicrm/CRM/Core/Error.php(381): CRM_Core_Error::backtrace("backTrace", TRUE)
#1 /home/portland/www/www/wp-content/plugins/civicrm/civicrm/CRM/Utils/System/WordPress.php(398): CRM_Core_Error::fatal("You do not have permission to access this page.")
#2 /home/portland/www/www/wp-content/plugins/civicrm/civicrm/CRM/Utils/System.php(74): CRM_Utils_System_WordPress->permissionDenied()
#3 /home/portland/www/www/wp-content/plugins/civicrm/civicrm/CRM/Core/Invoke.php(229): CRM_Utils_System::__callStatic("permissionDenied", (Array:0))
#4 /home/portland/www/www/wp-content/plugins/civicrm/civicrm/CRM/Core/Invoke.php(84): CRM_Core_Invoke::runItem((Array:13))
#5 /home/portland/www/www/wp-content/plugins/civicrm/civicrm/CRM/Core/Invoke.php(52): CRM_Core_Invoke::_invoke((Array:3))
#6 /home/portland/www/www/wp-content/plugins/civicrm/civicrm.php(1240): CRM_Core_Invoke::invoke((Array:3))
#7 /home/portland/www/www/wp-content/plugins/civicrm/includes/civicrm.basepage.php(365): CiviCRM_For_WordPress->invoke()
#8 /home/portland/www/www/wp-includes/class-wp-hook.php(286): CiviCRM_For_WordPress_Basepage->basepage_handler(Object(WP))
#9 /home/portland/www/www/wp-includes/class-wp-hook.php(310): WP_Hook->apply_filters("", (Array:1))
#10 /home/portland/www/www/wp-includes/plugin.php(515): WP_Hook->do_action((Array:1))
#11 /home/portland/www/www/wp-includes/class-wp.php(728): do_action_ref_array("wp", (Array:1))
#12 /home/portland/www/www/wp-includes/functions.php(964): WP->main("")
#13 /home/portland/www/www/wp-blog-header.php(16): wp()
#14 /home/portland/www/www/index.php(17): require("/home/portland/www/www/wp-blog-header.php")
#15 {main}


Feb 16 12:15:14  [info] $Fatal Error Details = Array
(
    [message] => You do not have permission to access this page.
    [code] => 
)


Feb 16 12:15:14  [info] $backTrace = #0 /home/portland/www/www/wp-content/plugins/civicrm/civicrm/CRM/Core/Error.php(381): CRM_Core_Error::backtrace("backTrace", TRUE)
#1 /home/portland/www/www/wp-content/plugins/civicrm/civicrm/CRM/Utils/System/WordPress.php(398): CRM_Core_Error::fatal("You do not have permission to access this page.")
#2 /home/portland/www/www/wp-content/plugins/civicrm/civicrm/CRM/Utils/System.php(74): CRM_Utils_System_WordPress->permissionDenied()
#3 /home/portland/www/www/wp-content/plugins/civicrm/civicrm/CRM/Core/Invoke.php(229): CRM_Utils_System::__callStatic("permissionDenied", (Array:0))
#4 /home/portland/www/www/wp-content/plugins/civicrm/civicrm/CRM/Core/Invoke.php(84): CRM_Core_Invoke::runItem((Array:13))
#5 /home/portland/www/www/wp-content/plugins/civicrm/civicrm/CRM/Core/Invoke.php(52): CRM_Core_Invoke::_invoke((Array:3))
#6 /home/portland/www/www/wp-content/plugins/civicrm/civicrm.php(1240): CRM_Core_Invoke::invoke((Array:3))
#7 /home/portland/www/www/wp-content/plugins/civicrm/includes/civicrm.basepage.php(365): CiviCRM_For_WordPress->invoke()
#8 /home/portland/www/www/wp-includes/class-wp-hook.php(286): CiviCRM_For_WordPress_Basepage->basepage_handler(Object(WP))
#9 /home/portland/www/www/wp-includes/class-wp-hook.php(310): WP_Hook->apply_filters("", (Array:1))
#10 /home/portland/www/www/wp-includes/plugin.php(515): WP_Hook->do_action((Array:1))
#11 /home/portland/www/www/wp-includes/class-wp.php(728): do_action_ref_array("wp", (Array:1))
#12 /home/portland/www/www/wp-includes/functions.php(964): WP->main("")
#13 /home/portland/www/www/wp-blog-header.php(16): wp()
#14 /home/portland/www/www/index.php(17): require("/home/portland/www/www/wp-blog-header.php")
#15 {main}


Feb 16 15:24:52  [info] $Fatal Error Details = Array
(
    [message] => You do not have permission to access this page.
    [code] => 
)


Feb 16 15:24:52  [info] $backTrace = #0 /home/portland/www/www/wp-content/plugins/civicrm/civicrm/CRM/Core/Error.php(381): CRM_Core_Error::backtrace("backTrace", TRUE)
#1 /home/portland/www/www/wp-content/plugins/civicrm/civicrm/CRM/Utils/System/WordPress.php(398): CRM_Core_Error::fatal("You do not have permission to access this page.")
#2 /home/portland/www/www/wp-content/plugins/civicrm/civicrm/CRM/Utils/System.php(74): CRM_Utils_System_WordPress->permissionDenied()
#3 /home/portland/www/www/wp-content/plugins/civicrm/civicrm/CRM/Core/Invoke.php(229): CRM_Utils_System::__callStatic("permissionDenied", (Array:0))
#4 /home/portland/www/www/wp-content/plugins/civicrm/civicrm/CRM/Core/Invoke.php(84): CRM_Core_Invoke::runItem((Array:13))
#5 /home/portland/www/www/wp-content/plugins/civicrm/civicrm/CRM/Core/Invoke.php(52): CRM_Core_Invoke::_invoke((Array:3))
#6 /home/portland/www/www/wp-content/plugins/civicrm/civicrm.php(1240): CRM_Core_Invoke::invoke((Array:3))
#7 /home/portland/www/www/wp-content/plugins/civicrm/includes/civicrm.basepage.php(365): CiviCRM_For_WordPress->invoke()
#8 /home/portland/www/www/wp-includes/class-wp-hook.php(286): CiviCRM_For_WordPress_Basepage->basepage_handler(Object(WP))
#9 /home/portland/www/www/wp-includes/class-wp-hook.php(310): WP_Hook->apply_filters("", (Array:1))
#10 /home/portland/www/www/wp-includes/plugin.php(515): WP_Hook->do_action((Array:1))
#11 /home/portland/www/www/wp-includes/class-wp.php(728): do_action_ref_array("wp", (Array:1))
#12 /home/portland/www/www/wp-includes/functions.php(964): WP->main("")
#13 /home/portland/www/www/wp-blog-header.php(16): wp()
#14 /home/portland/www/www/index.php(17): require("/home/portland/www/www/wp-blog-header.php")
#15 {main}


